
/home/runner/work/exp-iim-bilinear-transformation-iitkgp/exp-iim-bilinear-transformation-iitkgp/experiment/simulation/js/DS.js
     4:10  warning  'inputChange' is defined but never used             no-unused-vars
    15:10  warning  'refresh' is defined but never used                 no-unused-vars
    35:10  warning  'impName' is defined but never used                 no-unused-vars
    41:10  warning  'biName' is defined but never used                  no-unused-vars
    47:10  warning  'RunM' is defined but never used                    no-unused-vars
    61:10  warning  'system' is defined but never used                  no-unused-vars
    72:1   warning  Mixed spaces and tabs                               no-mixed-spaces-and-tabs
    73:2   warning  Mixed spaces and tabs                               no-mixed-spaces-and-tabs
    82:1   warning  Mixed spaces and tabs                               no-mixed-spaces-and-tabs
    82:14  warning  'T' is assigned a value but never used              no-unused-vars
    85:1   warning  Mixed spaces and tabs                               no-mixed-spaces-and-tabs
    86:1   warning  Mixed spaces and tabs                               no-mixed-spaces-and-tabs
    87:1   warning  Mixed spaces and tabs                               no-mixed-spaces-and-tabs
    88:1   warning  Mixed spaces and tabs                               no-mixed-spaces-and-tabs
    89:1   warning  Mixed spaces and tabs                               no-mixed-spaces-and-tabs
    91:4   warning  'outputText1' is assigned a value but never used    no-unused-vars
    92:1   warning  Mixed spaces and tabs                               no-mixed-spaces-and-tabs
    92:10  warning  'outputText2' is assigned a value but never used    no-unused-vars
    95:2   warning  Mixed spaces and tabs                               no-mixed-spaces-and-tabs
    96:13  warning  'math' is not defined                               no-undef
    96:23  warning  'math' is not defined                               no-undef
    96:37  warning  'math' is not defined                               no-undef
    96:52  warning  'math' is not defined                               no-undef
    97:13  warning  'math' is not defined                               no-undef
    98:13  warning  'math' is not defined                               no-undef
    99:12  warning  'math' is not defined                               no-undef
   100:7   warning  'math' is not defined                               no-undef
   101:7   warning  'math' is not defined                               no-undef
   104:21  warning  'math' is not defined                               no-undef
   105:21  warning  'math' is not defined                               no-undef
   113:11  warning  'math' is not defined                               no-undef
   113:28  warning  'math' is not defined                               no-undef
   113:45  warning  'math' is not defined                               no-undef
   114:11  warning  'math' is not defined                               no-undef
   114:28  warning  'math' is not defined                               no-undef
   114:45  warning  'math' is not defined                               no-undef
   116:11  warning  'math' is not defined                               no-undef
   116:23  warning  'math' is not defined                               no-undef
   116:32  warning  'math' is not defined                               no-undef
   116:57  warning  'math' is not defined                               no-undef
   117:11  warning  'math' is not defined                               no-undef
   117:23  warning  'math' is not defined                               no-undef
   117:32  warning  'math' is not defined                               no-undef
   117:57  warning  'math' is not defined                               no-undef
   125:1   warning  Mixed spaces and tabs                               no-mixed-spaces-and-tabs
   126:1   warning  Mixed spaces and tabs                               no-mixed-spaces-and-tabs
   129:1   warning  Mixed spaces and tabs                               no-mixed-spaces-and-tabs
   130:1   warning  Mixed spaces and tabs                               no-mixed-spaces-and-tabs
   133:1   warning  Mixed spaces and tabs                               no-mixed-spaces-and-tabs
   134:1   warning  Mixed spaces and tabs                               no-mixed-spaces-and-tabs
   136:1   warning  Mixed spaces and tabs                               no-mixed-spaces-and-tabs
   137:1   warning  Mixed spaces and tabs                               no-mixed-spaces-and-tabs
   138:1   warning  Mixed spaces and tabs                               no-mixed-spaces-and-tabs
   141:1   warning  Mixed spaces and tabs                               no-mixed-spaces-and-tabs
   142:1   warning  Mixed spaces and tabs                               no-mixed-spaces-and-tabs
   145:1   warning  Mixed spaces and tabs                               no-mixed-spaces-and-tabs
   146:1   warning  Mixed spaces and tabs                               no-mixed-spaces-and-tabs
   147:1   warning  Mixed spaces and tabs                               no-mixed-spaces-and-tabs
   149:1   warning  Mixed spaces and tabs                               no-mixed-spaces-and-tabs
   153:4   warning  'outputText2_1' is assigned a value but never used  no-unused-vars
   154:4   warning  'outputText3' is assigned a value but never used    no-unused-vars
   163:6   warning  'outputText4' is defined but never used             no-unused-vars
   164:6   warning  'outputText4_1' is defined but never used           no-unused-vars
   167:1   warning  Mixed spaces and tabs                               no-mixed-spaces-and-tabs
   168:1   warning  Mixed spaces and tabs                               no-mixed-spaces-and-tabs
   169:1   warning  Mixed spaces and tabs                               no-mixed-spaces-and-tabs
   170:1   warning  Mixed spaces and tabs                               no-mixed-spaces-and-tabs
   171:1   warning  Mixed spaces and tabs                               no-mixed-spaces-and-tabs
   177:1   warning  Mixed spaces and tabs                               no-mixed-spaces-and-tabs
   179:11  warning  Mixed spaces and tabs                               no-mixed-spaces-and-tabs
   180:1   warning  Mixed spaces and tabs                               no-mixed-spaces-and-tabs
   180:19  warning  'math' is not defined                               no-undef
   180:29  warning  'math' is not defined                               no-undef
   180:43  warning  'math' is not defined                               no-undef
   180:58  warning  'math' is not defined                               no-undef
   181:13  warning  'math' is not defined                               no-undef
   182:13  warning  'math' is not defined                               no-undef
   183:12  warning  'math' is not defined                               no-undef
   184:4   warning  'R1' is not defined                                 no-undef
   184:7   warning  'math' is not defined                               no-undef
   185:4   warning  'R2' is not defined                                 no-undef
   185:7   warning  'math' is not defined                               no-undef
   186:16  warning  'R1' is not defined                                 no-undef
   187:16  warning  'R2' is not defined                                 no-undef
   188:11  warning  'math' is not defined                               no-undef
   188:28  warning  'math' is not defined                               no-undef
   188:45  warning  'math' is not defined                               no-undef
   189:11  warning  'math' is not defined                               no-undef
   189:28  warning  'math' is not defined                               no-undef
   189:45  warning  'math' is not defined                               no-undef
   190:11  warning  'math' is not defined                               no-undef
   190:23  warning  'math' is not defined                               no-undef
   190:32  warning  'math' is not defined                               no-undef
   190:49  warning  'R1' is not defined                                 no-undef
   190:57  warning  'math' is not defined                               no-undef
   190:71  warning  'R1' is not defined                                 no-undef
   190:74  warning  'R2' is not defined                                 no-undef
   191:11  warning  'math' is not defined                               no-undef
   191:23  warning  'math' is not defined                               no-undef
   191:32  warning  'math' is not defined                               no-undef
   191:49  warning  'R2' is not defined                                 no-undef
   191:57  warning  'math' is not defined                               no-undef
   191:71  warning  'R2' is not defined                                 no-undef
   191:74  warning  'R1' is not defined                                 no-undef
   195:10  warning  'math' is not defined                               no-undef
   195:22  warning  'math' is not defined                               no-undef
   195:33  warning  'math' is not defined                               no-undef
   195:47  warning  'math' is not defined                               no-undef
   196:10  warning  'math' is not defined                               no-undef
   196:22  warning  'math' is not defined                               no-undef
   196:33  warning  'math' is not defined                               no-undef
   196:47  warning  'math' is not defined                               no-undef
   197:11  warning  'math' is not defined                               no-undef
   197:23  warning  'math' is not defined                               no-undef
   197:34  warning  'math' is not defined                               no-undef
   197:48  warning  'math' is not defined                               no-undef
   197:57  warning  'math' is not defined                               no-undef
   197:73  warning  'R1' is not defined                                 no-undef
   198:11  warning  'math' is not defined                               no-undef
   198:23  warning  'math' is not defined                               no-undef
   198:34  warning  'math' is not defined                               no-undef
   198:48  warning  'math' is not defined                               no-undef
   198:57  warning  'math' is not defined                               no-undef
   198:73  warning  'R2' is not defined                                 no-undef
   201:9   warning  'math' is not defined                               no-undef
   201:21  warning  'math' is not defined                               no-undef
   201:32  warning  'math' is not defined                               no-undef
   201:46  warning  'math' is not defined                               no-undef
   202:9   warning  'math' is not defined                               no-undef
   202:21  warning  'math' is not defined                               no-undef
   202:32  warning  'math' is not defined                               no-undef
   202:46  warning  'math' is not defined                               no-undef
   203:9   warning  'math' is not defined                               no-undef
   203:21  warning  'math' is not defined                               no-undef
   203:32  warning  'math' is not defined                               no-undef
   203:46  warning  'math' is not defined                               no-undef
   204:9   warning  'math' is not defined                               no-undef
   204:21  warning  'math' is not defined                               no-undef
   204:32  warning  'math' is not defined                               no-undef
   204:46  warning  'math' is not defined                               no-undef
   204:55  warning  'math' is not defined                               no-undef
   204:79  warning  'math' is not defined                               no-undef
   207:1   warning  Mixed spaces and tabs                               no-mixed-spaces-and-tabs
   209:1   warning  Mixed spaces and tabs                               no-mixed-spaces-and-tabs
   210:1   warning  Mixed spaces and tabs                               no-mixed-spaces-and-tabs
   212:1   warning  Mixed spaces and tabs                               no-mixed-spaces-and-tabs
   221:1   warning  Mixed spaces and tabs                               no-mixed-spaces-and-tabs
   224:1   warning  Mixed spaces and tabs                               no-mixed-spaces-and-tabs
   227:1   warning  Mixed spaces and tabs                               no-mixed-spaces-and-tabs
   229:1   warning  Mixed spaces and tabs                               no-mixed-spaces-and-tabs
   240:6   warning  'outputText5' is defined but never used             no-unused-vars
   241:6   warning  'outputText5_1' is defined but never used           no-unused-vars
   261:1   warning  Mixed spaces and tabs                               no-mixed-spaces-and-tabs
   262:1   warning  Mixed spaces and tabs                               no-mixed-spaces-and-tabs
   263:1   warning  Mixed spaces and tabs                               no-mixed-spaces-and-tabs
   264:1   warning  Mixed spaces and tabs                               no-mixed-spaces-and-tabs
   265:1   warning  Mixed spaces and tabs                               no-mixed-spaces-and-tabs
   271:1   warning  Mixed spaces and tabs                               no-mixed-spaces-and-tabs
   273:11  warning  Mixed spaces and tabs                               no-mixed-spaces-and-tabs
   274:1   warning  Mixed spaces and tabs                               no-mixed-spaces-and-tabs
   274:19  warning  'math' is not defined                               no-undef
   274:29  warning  'math' is not defined                               no-undef
   274:43  warning  'math' is not defined                               no-undef
   274:58  warning  'math' is not defined                               no-undef
   275:13  warning  'math' is not defined                               no-undef
   276:13  warning  'math' is not defined                               no-undef
   277:12  warning  'math' is not defined                               no-undef
   278:4   warning  'R1' is not defined                                 no-undef
   278:7   warning  'math' is not defined                               no-undef
   279:4   warning  'R2' is not defined                                 no-undef
   279:7   warning  'math' is not defined                               no-undef
   281:11  warning  'math' is not defined                               no-undef
   281:28  warning  'math' is not defined                               no-undef
   281:45  warning  'math' is not defined                               no-undef
   282:11  warning  'math' is not defined                               no-undef
   282:28  warning  'math' is not defined                               no-undef
   282:45  warning  'math' is not defined                               no-undef
   283:11  warning  'math' is not defined                               no-undef
   283:23  warning  'math' is not defined                               no-undef
   283:32  warning  'math' is not defined                               no-undef
   283:49  warning  'R1' is not defined                                 no-undef
   283:57  warning  'math' is not defined                               no-undef
   283:71  warning  'R1' is not defined                                 no-undef
   283:74  warning  'R2' is not defined                                 no-undef
   284:11  warning  'math' is not defined                               no-undef
   284:23  warning  'math' is not defined                               no-undef
   284:32  warning  'math' is not defined                               no-undef
   284:49  warning  'R2' is not defined                                 no-undef
   284:57  warning  'math' is not defined                               no-undef
   284:71  warning  'R2' is not defined                                 no-undef
   284:74  warning  'R1' is not defined                                 no-undef
   286:10  warning  'math' is not defined                               no-undef
   286:22  warning  'math' is not defined                               no-undef
   286:33  warning  'math' is not defined                               no-undef
   286:47  warning  'math' is not defined                               no-undef
   287:10  warning  'math' is not defined                               no-undef
   287:22  warning  'math' is not defined                               no-undef
   287:33  warning  'math' is not defined                               no-undef
   287:47  warning  'math' is not defined                               no-undef
   288:11  warning  'math' is not defined                               no-undef
   288:23  warning  'math' is not defined                               no-undef
   288:34  warning  'math' is not defined                               no-undef
   288:48  warning  'math' is not defined                               no-undef
   288:57  warning  'math' is not defined                               no-undef
   288:73  warning  'R1' is not defined                                 no-undef
   289:11  warning  'math' is not defined                               no-undef
   289:23  warning  'math' is not defined                               no-undef
   289:34  warning  'math' is not defined                               no-undef
   289:48  warning  'math' is not defined                               no-undef
   289:57  warning  'math' is not defined                               no-undef
   289:73  warning  'R2' is not defined                                 no-undef
   290:9   warning  'math' is not defined                               no-undef
   290:21  warning  'math' is not defined                               no-undef
   290:32  warning  'math' is not defined                               no-undef
   290:46  warning  'math' is not defined                               no-undef
   291:9   warning  'math' is not defined                               no-undef
   291:21  warning  'math' is not defined                               no-undef
   291:32  warning  'math' is not defined                               no-undef
   291:46  warning  'math' is not defined                               no-undef
   292:9   warning  'math' is not defined                               no-undef
   292:21  warning  'math' is not defined                               no-undef
   292:32  warning  'math' is not defined                               no-undef
   292:46  warning  'math' is not defined                               no-undef
   293:9   warning  'math' is not defined                               no-undef
   293:21  warning  'math' is not defined                               no-undef
   293:32  warning  'math' is not defined                               no-undef
   293:46  warning  'math' is not defined                               no-undef
   293:55  warning  'math' is not defined                               no-undef
   293:79  warning  'math' is not defined                               no-undef
   296:1   warning  Mixed spaces and tabs                               no-mixed-spaces-and-tabs
   298:1   warning  Mixed spaces and tabs                               no-mixed-spaces-and-tabs
   299:1   warning  Mixed spaces and tabs                               no-mixed-spaces-and-tabs
   301:1   warning  Mixed spaces and tabs                               no-mixed-spaces-and-tabs
   310:1   warning  Mixed spaces and tabs                               no-mixed-spaces-and-tabs
   313:1   warning  Mixed spaces and tabs                               no-mixed-spaces-and-tabs
   316:1   warning  Mixed spaces and tabs                               no-mixed-spaces-and-tabs
   318:1   warning  Mixed spaces and tabs                               no-mixed-spaces-and-tabs
   329:6   warning  'outputText6' is defined but never used             no-unused-vars
   330:6   warning  'outputText6_1' is defined but never used           no-unused-vars
   332:1   warning  Mixed spaces and tabs                               no-mixed-spaces-and-tabs
   333:1   warning  Mixed spaces and tabs                               no-mixed-spaces-and-tabs
   335:1   warning  Mixed spaces and tabs                               no-mixed-spaces-and-tabs
   341:1   warning  Mixed spaces and tabs                               no-mixed-spaces-and-tabs
   343:1   warning  Mixed spaces and tabs                               no-mixed-spaces-and-tabs
   343:16  warning  'math' is not defined                               no-undef
   344:13  warning  'math' is not defined                               no-undef
   344:30  warning  'math' is not defined                               no-undef
   345:12  warning  'math' is not defined                               no-undef
   346:13  warning  'math' is not defined                               no-undef
   346:30  warning  'math' is not defined                               no-undef
   347:12  warning  'math' is not defined                               no-undef
   349:11  warning  'math' is not defined                               no-undef
   349:23  warning  'math' is not defined                               no-undef
   349:34  warning  'math' is not defined                               no-undef
   349:48  warning  'math' is not defined                               no-undef
   349:60  warning  'math' is not defined                               no-undef
   349:82  warning  'math' is not defined                               no-undef
   350:11  warning  'math' is not defined                               no-undef
   350:23  warning  'math' is not defined                               no-undef
   350:34  warning  'math' is not defined                               no-undef
   350:48  warning  'math' is not defined                               no-undef
   350:60  warning  'math' is not defined                               no-undef
   350:87  warning  'math' is not defined                               no-undef
   351:11  warning  'math' is not defined                               no-undef
   351:23  warning  'math' is not defined                               no-undef
   351:34  warning  'math' is not defined                               no-undef
   351:48  warning  'math' is not defined                               no-undef
   351:60  warning  'math' is not defined                               no-undef
   351:83  warning  'math' is not defined                               no-undef
   353:11  warning  'math' is not defined                               no-undef
   353:23  warning  'math' is not defined                               no-undef
   353:34  warning  'math' is not defined                               no-undef
   353:48  warning  'math' is not defined                               no-undef
   353:60  warning  'math' is not defined                               no-undef
   353:87  warning  'math' is not defined                               no-undef
   354:11  warning  'math' is not defined                               no-undef
   354:23  warning  'math' is not defined                               no-undef
   354:34  warning  'math' is not defined                               no-undef
   354:48  warning  'math' is not defined                               no-undef
   354:60  warning  'math' is not defined                               no-undef
   354:83  warning  'math' is not defined                               no-undef
   357:1   warning  Mixed spaces and tabs                               no-mixed-spaces-and-tabs
   358:1   warning  Mixed spaces and tabs                               no-mixed-spaces-and-tabs
   359:3   warning  Mixed spaces and tabs                               no-mixed-spaces-and-tabs
   362:1   warning  Mixed spaces and tabs                               no-mixed-spaces-and-tabs
   365:1   warning  Mixed spaces and tabs                               no-mixed-spaces-and-tabs
   373:6   warning  'outputText7' is defined but never used             no-unused-vars
   374:6   warning  'outputText7_1' is defined but never used           no-unused-vars
   393:1   warning  Mixed spaces and tabs                               no-mixed-spaces-and-tabs
   394:1   warning  Mixed spaces and tabs                               no-mixed-spaces-and-tabs
   395:1   warning  Mixed spaces and tabs                               no-mixed-spaces-and-tabs
   396:1   warning  Mixed spaces and tabs                               no-mixed-spaces-and-tabs
   402:1   warning  Mixed spaces and tabs                               no-mixed-spaces-and-tabs
   404:1   warning  Mixed spaces and tabs                               no-mixed-spaces-and-tabs
   404:16  warning  'math' is not defined                               no-undef
   405:13  warning  'math' is not defined                               no-undef
   405:30  warning  'math' is not defined                               no-undef
   406:12  warning  'math' is not defined                               no-undef
   407:13  warning  'math' is not defined                               no-undef
   407:30  warning  'math' is not defined                               no-undef
   408:12  warning  'math' is not defined                               no-undef
   410:11  warning  'math' is not defined                               no-undef
   410:23  warning  'math' is not defined                               no-undef
   410:34  warning  'math' is not defined                               no-undef
   410:48  warning  'math' is not defined                               no-undef
   410:60  warning  'math' is not defined                               no-undef
   410:82  warning  'math' is not defined                               no-undef
   411:11  warning  'math' is not defined                               no-undef
   411:23  warning  'math' is not defined                               no-undef
   411:34  warning  'math' is not defined                               no-undef
   411:48  warning  'math' is not defined                               no-undef
   411:60  warning  'math' is not defined                               no-undef
   411:87  warning  'math' is not defined                               no-undef
   412:11  warning  'math' is not defined                               no-undef
   412:23  warning  'math' is not defined                               no-undef
   412:34  warning  'math' is not defined                               no-undef
   412:48  warning  'math' is not defined                               no-undef
   412:60  warning  'math' is not defined                               no-undef
   412:83  warning  'math' is not defined                               no-undef
   414:11  warning  'math' is not defined                               no-undef
   414:23  warning  'math' is not defined                               no-undef
   414:34  warning  'math' is not defined                               no-undef
   414:48  warning  'math' is not defined                               no-undef
   414:60  warning  'math' is not defined                               no-undef
   414:87  warning  'math' is not defined                               no-undef
   415:11  warning  'math' is not defined                               no-undef
   415:23  warning  'math' is not defined                               no-undef
   415:34  warning  'math' is not defined                               no-undef
   415:48  warning  'math' is not defined                               no-undef
   415:60  warning  'math' is not defined                               no-undef
   415:83  warning  'math' is not defined                               no-undef
   418:1   warning  Mixed spaces and tabs                               no-mixed-spaces-and-tabs
   419:1   warning  Mixed spaces and tabs                               no-mixed-spaces-and-tabs
   420:3   warning  Mixed spaces and tabs                               no-mixed-spaces-and-tabs
   423:1   warning  Mixed spaces and tabs                               no-mixed-spaces-and-tabs
   426:1   warning  Mixed spaces and tabs                               no-mixed-spaces-and-tabs
   452:5   warning  'dataOPPoints' is assigned a value but never used   no-unused-vars
   453:5   warning  'dataOPPoints1' is assigned a value but never used  no-unused-vars
   460:10  warning  'IIM_fr' is defined but never used                  no-unused-vars
   468:1   warning  Mixed spaces and tabs                               no-mixed-spaces-and-tabs
   474:1   warning  Mixed spaces and tabs                               no-mixed-spaces-and-tabs
   476:11  warning  Mixed spaces and tabs                               no-mixed-spaces-and-tabs
   477:1   warning  Mixed spaces and tabs                               no-mixed-spaces-and-tabs
   477:19  warning  'math' is not defined                               no-undef
   477:29  warning  'math' is not defined                               no-undef
   477:43  warning  'math' is not defined                               no-undef
   477:58  warning  'math' is not defined                               no-undef
   478:13  warning  'math' is not defined                               no-undef
   479:13  warning  'math' is not defined                               no-undef
   480:12  warning  'math' is not defined                               no-undef
   481:4   warning  'R1' is not defined                                 no-undef
   481:7   warning  'math' is not defined                               no-undef
   482:4   warning  'R2' is not defined                                 no-undef
   482:7   warning  'math' is not defined                               no-undef
   484:11  warning  'math' is not defined                               no-undef
   484:28  warning  'math' is not defined                               no-undef
   484:45  warning  'math' is not defined                               no-undef
   485:11  warning  'math' is not defined                               no-undef
   485:28  warning  'math' is not defined                               no-undef
   485:45  warning  'math' is not defined                               no-undef
   486:11  warning  'math' is not defined                               no-undef
   486:23  warning  'math' is not defined                               no-undef
   486:32  warning  'math' is not defined                               no-undef
   486:49  warning  'R1' is not defined                                 no-undef
   486:57  warning  'math' is not defined                               no-undef
   486:71  warning  'R1' is not defined                                 no-undef
   486:74  warning  'R2' is not defined                                 no-undef
   487:11  warning  'math' is not defined                               no-undef
   487:23  warning  'math' is not defined                               no-undef
   487:32  warning  'math' is not defined                               no-undef
   487:49  warning  'R2' is not defined                                 no-undef
   487:57  warning  'math' is not defined                               no-undef
   487:71  warning  'R2' is not defined                                 no-undef
   487:74  warning  'R1' is not defined                                 no-undef
   489:10  warning  'math' is not defined                               no-undef
   489:22  warning  'math' is not defined                               no-undef
   489:33  warning  'math' is not defined                               no-undef
   489:47  warning  'math' is not defined                               no-undef
   490:10  warning  'math' is not defined                               no-undef
   490:22  warning  'math' is not defined                               no-undef
   490:33  warning  'math' is not defined                               no-undef
   490:47  warning  'math' is not defined                               no-undef
   491:11  warning  'math' is not defined                               no-undef
   491:23  warning  'math' is not defined                               no-undef
   491:34  warning  'math' is not defined                               no-undef
   491:48  warning  'math' is not defined                               no-undef
   491:57  warning  'math' is not defined                               no-undef
   491:73  warning  'R1' is not defined                                 no-undef
   492:11  warning  'math' is not defined                               no-undef
   492:23  warning  'math' is not defined                               no-undef
   492:34  warning  'math' is not defined                               no-undef
   492:48  warning  'math' is not defined                               no-undef
   492:57  warning  'math' is not defined                               no-undef
   492:73  warning  'R2' is not defined                                 no-undef
   494:9   warning  'math' is not defined                               no-undef
   494:21  warning  'math' is not defined                               no-undef
   494:32  warning  'math' is not defined                               no-undef
   494:46  warning  'math' is not defined                               no-undef
   495:9   warning  'math' is not defined                               no-undef
   495:21  warning  'math' is not defined                               no-undef
   495:32  warning  'math' is not defined                               no-undef
   495:46  warning  'math' is not defined                               no-undef
   496:9   warning  'math' is not defined                               no-undef
   496:21  warning  'math' is not defined                               no-undef
   496:32  warning  'math' is not defined                               no-undef
   496:46  warning  'math' is not defined                               no-undef
   497:9   warning  'math' is not defined                               no-undef
   497:21  warning  'math' is not defined                               no-undef
   497:32  warning  'math' is not defined                               no-undef
   497:46  warning  'math' is not defined                               no-undef
   497:55  warning  'math' is not defined                               no-undef
   497:79  warning  'math' is not defined                               no-undef
   518:2   warning  'f1' is not defined                                 no-undef
   531:10  warning  'math' is not defined                               no-undef
   531:26  warning  'math' is not defined                               no-undef
   542:6   warning  'i' is assigned a value but never used              no-unused-vars
   542:10  warning  'math' is not defined                               no-undef
   547:6   warning  'num1' is already defined                           no-redeclare
   547:13  warning  'math' is not defined                               no-undef
   547:27  warning  'math' is not defined                               no-undef
   547:40  warning  'math' is not defined                               no-undef
   547:49  warning  'math' is not defined                               no-undef
   547:69  warning  'math' is not defined                               no-undef
   547:78  warning  'math' is not defined                               no-undef
   548:6   warning  'num2' is already defined                           no-redeclare
   548:13  warning  'math' is not defined                               no-undef
   548:27  warning  'math' is not defined                               no-undef
   548:40  warning  'math' is not defined                               no-undef
   548:49  warning  'math' is not defined                               no-undef
   548:69  warning  'math' is not defined                               no-undef
   548:78  warning  'math' is not defined                               no-undef
   549:12  warning  'math' is not defined                               no-undef
   551:13  warning  'math' is not defined                               no-undef
   551:27  warning  'math' is not defined                               no-undef
   551:40  warning  'math' is not defined                               no-undef
   551:49  warning  'math' is not defined                               no-undef
   551:69  warning  'math' is not defined                               no-undef
   551:78  warning  'math' is not defined                               no-undef
   552:13  warning  'math' is not defined                               no-undef
   552:27  warning  'math' is not defined                               no-undef
   552:40  warning  'math' is not defined                               no-undef
   552:49  warning  'math' is not defined                               no-undef
   552:69  warning  'math' is not defined                               no-undef
   552:78  warning  'math' is not defined                               no-undef
   553:6   warning  'den' is already defined                            no-redeclare
   553:12  warning  'math' is not defined                               no-undef
   555:11  warning  'math' is not defined                               no-undef
   555:20  warning  'math' is not defined                               no-undef
   575:11  warning  'math' is not defined                               no-undef
   575:28  warning  'math' is not defined                               no-undef
   582:6   warning  'w1' is assigned a value but never used             no-unused-vars
   582:11  warning  'math' is not defined                               no-undef
   582:27  warning  'math' is not defined                               no-undef
   584:10  warning  'math' is not defined                               no-undef
   586:14  warning  'math' is not defined                               no-undef
   592:6   warning  'fraction' is assigned a value but never used       no-unused-vars
   592:17  warning  'math' is not defined                               no-undef
   597:11  warning  'math' is not defined                               no-undef
   597:25  warning  'math' is not defined                               no-undef
   597:41  warning  'math' is not defined                               no-undef
   597:50  warning  'math' is not defined                               no-undef
   608:4   warning  'math' is not defined                               no-undef
   614:19  warning  'CanvasJS' is not defined                           no-undef
   617:1   warning  Mixed spaces and tabs                               no-mixed-spaces-and-tabs
   618:1   warning  Mixed spaces and tabs                               no-mixed-spaces-and-tabs
   619:2   warning  Mixed spaces and tabs                               no-mixed-spaces-and-tabs
   620:1   warning  Mixed spaces and tabs                               no-mixed-spaces-and-tabs
   622:1   warning  Mixed spaces and tabs                               no-mixed-spaces-and-tabs
   624:1   warning  Mixed spaces and tabs                               no-mixed-spaces-and-tabs
   625:1   warning  Mixed spaces and tabs                               no-mixed-spaces-and-tabs
   633:1   warning  Mixed spaces and tabs                               no-mixed-spaces-and-tabs
   634:2   warning  Mixed spaces and tabs                               no-mixed-spaces-and-tabs
   661:19  warning  'CanvasJS' is not defined                           no-undef
   664:1   warning  Mixed spaces and tabs                               no-mixed-spaces-and-tabs
   665:1   warning  Mixed spaces and tabs                               no-mixed-spaces-and-tabs
   666:2   warning  Mixed spaces and tabs                               no-mixed-spaces-and-tabs
   667:1   warning  Mixed spaces and tabs                               no-mixed-spaces-and-tabs
   669:1   warning  Mixed spaces and tabs                               no-mixed-spaces-and-tabs
   671:1   warning  Mixed spaces and tabs                               no-mixed-spaces-and-tabs
   672:1   warning  Mixed spaces and tabs                               no-mixed-spaces-and-tabs
   680:1   warning  Mixed spaces and tabs                               no-mixed-spaces-and-tabs
   681:2   warning  Mixed spaces and tabs                               no-mixed-spaces-and-tabs
   719:10  warning  'BTM_fr' is defined but never used                  no-unused-vars
   724:1   warning  Mixed spaces and tabs                               no-mixed-spaces-and-tabs
   730:1   warning  Mixed spaces and tabs                               no-mixed-spaces-and-tabs
   732:1   warning  Mixed spaces and tabs                               no-mixed-spaces-and-tabs
   732:16  warning  'math' is not defined                               no-undef
   733:13  warning  'math' is not defined                               no-undef
   733:30  warning  'math' is not defined                               no-undef
   734:12  warning  'math' is not defined                               no-undef
   735:13  warning  'math' is not defined                               no-undef
   735:30  warning  'math' is not defined                               no-undef
   736:12  warning  'math' is not defined                               no-undef
   738:11  warning  'math' is not defined                               no-undef
   738:23  warning  'math' is not defined                               no-undef
   738:34  warning  'math' is not defined                               no-undef
   738:48  warning  'math' is not defined                               no-undef
   738:60  warning  'math' is not defined                               no-undef
   738:82  warning  'math' is not defined                               no-undef
   739:11  warning  'math' is not defined                               no-undef
   739:23  warning  'math' is not defined                               no-undef
   739:34  warning  'math' is not defined                               no-undef
   739:48  warning  'math' is not defined                               no-undef
   739:60  warning  'math' is not defined                               no-undef
   739:87  warning  'math' is not defined                               no-undef
   740:11  warning  'math' is not defined                               no-undef
   740:23  warning  'math' is not defined                               no-undef
   740:34  warning  'math' is not defined                               no-undef
   740:48  warning  'math' is not defined                               no-undef
   740:60  warning  'math' is not defined                               no-undef
   740:83  warning  'math' is not defined                               no-undef
   743:11  warning  'math' is not defined                               no-undef
   743:23  warning  'math' is not defined                               no-undef
   743:34  warning  'math' is not defined                               no-undef
   743:48  warning  'math' is not defined                               no-undef
   743:60  warning  'math' is not defined                               no-undef
   743:87  warning  'math' is not defined                               no-undef
   744:11  warning  'math' is not defined                               no-undef
   744:23  warning  'math' is not defined                               no-undef
   744:34  warning  'math' is not defined                               no-undef
   744:48  warning  'math' is not defined                               no-undef
   744:60  warning  'math' is not defined                               no-undef
   744:83  warning  'math' is not defined                               no-undef
   763:2   warning  'f1' is not defined                                 no-undef
   769:10  warning  'math' is not defined                               no-undef
   769:26  warning  'math' is not defined                               no-undef
   780:6   warning  'i' is assigned a value but never used              no-unused-vars
   780:10  warning  'math' is not defined                               no-undef
   785:13  warning  'math' is not defined                               no-undef
   785:27  warning  'math' is not defined                               no-undef
   785:40  warning  'math' is not defined                               no-undef
   785:49  warning  'math' is not defined                               no-undef
   785:69  warning  'math' is not defined                               no-undef
   785:78  warning  'math' is not defined                               no-undef
   786:13  warning  'math' is not defined                               no-undef
   786:27  warning  'math' is not defined                               no-undef
   786:40  warning  'math' is not defined                               no-undef
   786:49  warning  'math' is not defined                               no-undef
   786:69  warning  'math' is not defined                               no-undef
   786:78  warning  'math' is not defined                               no-undef
   787:12  warning  'math' is not defined                               no-undef
   789:13  warning  'math' is not defined                               no-undef
   789:27  warning  'math' is not defined                               no-undef
   789:40  warning  'math' is not defined                               no-undef
   789:49  warning  'math' is not defined                               no-undef
   789:69  warning  'math' is not defined                               no-undef
   789:78  warning  'math' is not defined                               no-undef
   790:13  warning  'math' is not defined                               no-undef
   790:27  warning  'math' is not defined                               no-undef
   790:40  warning  'math' is not defined                               no-undef
   790:49  warning  'math' is not defined                               no-undef
   790:69  warning  'math' is not defined                               no-undef
   790:78  warning  'math' is not defined                               no-undef
   791:12  warning  'math' is not defined                               no-undef
   793:11  warning  'math' is not defined                               no-undef
   793:20  warning  'math' is not defined                               no-undef
   813:11  warning  'math' is not defined                               no-undef
   813:28  warning  'math' is not defined                               no-undef
   820:6   warning  'w1' is assigned a value but never used             no-unused-vars
   820:11  warning  'math' is not defined                               no-undef
   820:27  warning  'math' is not defined                               no-undef
   822:10  warning  'math' is not defined                               no-undef
   824:14  warning  'math' is not defined                               no-undef
   830:6   warning  'fraction' is assigned a value but never used       no-unused-vars
   830:17  warning  'math' is not defined                               no-undef
   835:11  warning  'math' is not defined                               no-undef
   835:25  warning  'math' is not defined                               no-undef
   835:41  warning  'math' is not defined                               no-undef
   835:50  warning  'math' is not defined                               no-undef
   846:4   warning  'math' is not defined                               no-undef
   852:19  warning  'CanvasJS' is not defined                           no-undef
   855:1   warning  Mixed spaces and tabs                               no-mixed-spaces-and-tabs
   856:1   warning  Mixed spaces and tabs                               no-mixed-spaces-and-tabs
   857:1   warning  Mixed spaces and tabs                               no-mixed-spaces-and-tabs
   858:1   warning  Mixed spaces and tabs                               no-mixed-spaces-and-tabs
   859:2   warning  Mixed spaces and tabs                               no-mixed-spaces-and-tabs
   860:1   warning  Mixed spaces and tabs                               no-mixed-spaces-and-tabs
   862:1   warning  Mixed spaces and tabs                               no-mixed-spaces-and-tabs
   864:1   warning  Mixed spaces and tabs                               no-mixed-spaces-and-tabs
   865:1   warning  Mixed spaces and tabs                               no-mixed-spaces-and-tabs
   873:1   warning  Mixed spaces and tabs                               no-mixed-spaces-and-tabs
   874:2   warning  Mixed spaces and tabs                               no-mixed-spaces-and-tabs
   901:19  warning  'CanvasJS' is not defined                           no-undef
   904:1   warning  Mixed spaces and tabs                               no-mixed-spaces-and-tabs
   905:1   warning  Mixed spaces and tabs                               no-mixed-spaces-and-tabs
   906:2   warning  Mixed spaces and tabs                               no-mixed-spaces-and-tabs
   907:1   warning  Mixed spaces and tabs                               no-mixed-spaces-and-tabs
   909:1   warning  Mixed spaces and tabs                               no-mixed-spaces-and-tabs
   911:1   warning  Mixed spaces and tabs                               no-mixed-spaces-and-tabs
   912:1   warning  Mixed spaces and tabs                               no-mixed-spaces-and-tabs
   920:1   warning  Mixed spaces and tabs                               no-mixed-spaces-and-tabs
   921:2   warning  Mixed spaces and tabs                               no-mixed-spaces-and-tabs
   959:10  warning  'comparePlots' is defined but never used            no-unused-vars
   966:19  warning  'CanvasJS' is not defined                           no-undef
   969:1   warning  Mixed spaces and tabs                               no-mixed-spaces-and-tabs
   970:1   warning  Mixed spaces and tabs                               no-mixed-spaces-and-tabs
   971:2   warning  Mixed spaces and tabs                               no-mixed-spaces-and-tabs
   972:1   warning  Mixed spaces and tabs                               no-mixed-spaces-and-tabs
   974:1   warning  Mixed spaces and tabs                               no-mixed-spaces-and-tabs
   976:1   warning  Mixed spaces and tabs                               no-mixed-spaces-and-tabs
   977:1   warning  Mixed spaces and tabs                               no-mixed-spaces-and-tabs
   985:1   warning  Mixed spaces and tabs                               no-mixed-spaces-and-tabs
   986:2   warning  Mixed spaces and tabs                               no-mixed-spaces-and-tabs
   997:1   warning  Mixed spaces and tabs                               no-mixed-spaces-and-tabs
  1011:1   warning  Mixed spaces and tabs                               no-mixed-spaces-and-tabs
  1019:1   warning  Mixed spaces and tabs                               no-mixed-spaces-and-tabs
  1020:1   warning  Mixed spaces and tabs                               no-mixed-spaces-and-tabs
  1021:1   warning  Mixed spaces and tabs                               no-mixed-spaces-and-tabs
  1022:1   warning  Mixed spaces and tabs                               no-mixed-spaces-and-tabs
  1037:19  warning  'CanvasJS' is not defined                           no-undef
  1040:1   warning  Mixed spaces and tabs                               no-mixed-spaces-and-tabs
  1041:1   warning  Mixed spaces and tabs                               no-mixed-spaces-and-tabs
  1042:2   warning  Mixed spaces and tabs                               no-mixed-spaces-and-tabs
  1043:1   warning  Mixed spaces and tabs                               no-mixed-spaces-and-tabs
  1045:1   warning  Mixed spaces and tabs                               no-mixed-spaces-and-tabs
  1047:1   warning  Mixed spaces and tabs                               no-mixed-spaces-and-tabs
  1048:1   warning  Mixed spaces and tabs                               no-mixed-spaces-and-tabs
  1056:1   warning  Mixed spaces and tabs                               no-mixed-spaces-and-tabs
  1057:1   warning  Mixed spaces and tabs                               no-mixed-spaces-and-tabs
  1058:2   warning  Mixed spaces and tabs                               no-mixed-spaces-and-tabs
  1069:1   warning  Mixed spaces and tabs                               no-mixed-spaces-and-tabs
  1083:1   warning  Mixed spaces and tabs                               no-mixed-spaces-and-tabs
  1091:1   warning  Mixed spaces and tabs                               no-mixed-spaces-and-tabs
  1092:1   warning  Mixed spaces and tabs                               no-mixed-spaces-and-tabs
  1093:1   warning  Mixed spaces and tabs                               no-mixed-spaces-and-tabs
  1094:1   warning  Mixed spaces and tabs                               no-mixed-spaces-and-tabs
  1132:10  warning  'saveImg' is defined but never used                 no-unused-vars
  1133:1   warning  'html2canvas' is not defined                        no-undef
  1141:10  warning  'hidePlot' is defined but never used                no-unused-vars

/home/runner/work/exp-iim-bilinear-transformation-iitkgp/exp-iim-bilinear-transformation-iitkgp/experiment/simulation/js/canvas2image.js
    6:5   warning  'Canvas2Image' is assigned a value but never used  no-unused-vars
  182:7   warning  Mixed spaces and tabs                              no-mixed-spaces-and-tabs
  183:7   warning  Mixed spaces and tabs                              no-mixed-spaces-and-tabs
  219:31  warning  'downloadMimedownloadMime' is not defined          no-undef
  221:9   warning  'strData' is already defined                       no-redeclare
  238:9   warning  'strData' is already defined                       no-redeclare

 635 problems (0 errors, 635 warnings)

